{"/home/miras/Desktop/Projects/TestProjects/VK/TestProject1/src/App.tsx": {"path":"/home/miras/Desktop/Projects/TestProjects/VK/TestProject1/src/App.tsx","statementMap":{"0":{"start":{"line":7,"column":2},"end":{"line":12,"column":3}}},"fnMap":{"0":{"name":"App","decl":{"start":{"line":5,"column":9},"end":{"line":5,"column":12}},"loc":{"start":{"line":5,"column":15},"end":{"line":13,"column":1}},"line":5}},"branchMap":{},"s":{"0":0},"f":{"0":0},"b":{}}
,"/home/miras/Desktop/Projects/TestProjects/VK/TestProject1/src/vite-env.d.ts": {"path":"/home/miras/Desktop/Projects/TestProjects/VK/TestProject1/src/vite-env.d.ts","statementMap":{},"fnMap":{},"branchMap":{},"s":{},"f":{},"b":{}}
,"/home/miras/Desktop/Projects/TestProjects/VK/TestProject1/src/redux/store.ts": {"path":"/home/miras/Desktop/Projects/TestProjects/VK/TestProject1/src/redux/store.ts","statementMap":{"0":{"start":{"line":5,"column":14},"end":{"line":10,"column":2}}},"fnMap":{},"branchMap":{},"s":{"0":0},"f":{},"b":{}}
}
